{"/Users/pangjii/Documents/project_github/car-damage-detector/frontend/src/components/ImageUpload.tsx": {"path":"/Users/pangjii/Documents/project_github/car-damage-detector/frontend/src/components/ImageUpload.tsx","all":false,"statementMap":{"0":{"start":{"line":1,"column":0},"end":{"line":1,"column":48}},"1":{"start":{"line":2,"column":0},"end":{"line":2,"column":54}},"8":{"start":{"line":9,"column":0},"end":{"line":9,"column":50}},"9":{"start":{"line":10,"column":0},"end":{"line":10,"column":16}},"10":{"start":{"line":11,"column":0},"end":{"line":11,"column":11}},"11":{"start":{"line":12,"column":0},"end":{"line":12,"column":7}},"12":{"start":{"line":13,"column":0},"end":{"line":13,"column":58}},"13":{"start":{"line":14,"column":0},"end":{"line":14,"column":68}},"14":{"start":{"line":15,"column":0},"end":{"line":15,"column":70}},"15":{"start":{"line":16,"column":0},"end":{"line":16,"column":54}},"18":{"start":{"line":19,"column":0},"end":{"line":19,"column":66}},"19":{"start":{"line":20,"column":0},"end":{"line":20,"column":58}},"21":{"start":{"line":22,"column":0},"end":{"line":22,"column":55}},"23":{"start":{"line":24,"column":0},"end":{"line":24,"column":45}},"24":{"start":{"line":25,"column":0},"end":{"line":25,"column":76}},"25":{"start":{"line":26,"column":0},"end":{"line":26,"column":5}},"28":{"start":{"line":29,"column":0},"end":{"line":29,"column":36}},"29":{"start":{"line":30,"column":0},"end":{"line":30,"column":60}},"30":{"start":{"line":31,"column":0},"end":{"line":31,"column":19}},"31":{"start":{"line":32,"column":0},"end":{"line":32,"column":21}},"32":{"start":{"line":33,"column":0},"end":{"line":33,"column":24}},"33":{"start":{"line":34,"column":0},"end":{"line":34,"column":5}},"35":{"start":{"line":36,"column":0},"end":{"line":36,"column":16}},"36":{"start":{"line":37,"column":0},"end":{"line":37,"column":4}},"38":{"start":{"line":39,"column":0},"end":{"line":39,"column":76}},"39":{"start":{"line":40,"column":0},"end":{"line":40,"column":41}},"42":{"start":{"line":43,"column":0},"end":{"line":43,"column":19}},"43":{"start":{"line":44,"column":0},"end":{"line":44,"column":24}},"44":{"start":{"line":45,"column":0},"end":{"line":45,"column":26}},"46":{"start":{"line":47,"column":0},"end":{"line":47,"column":16}},"47":{"start":{"line":48,"column":0},"end":{"line":48,"column":13}},"48":{"start":{"line":49,"column":0},"end":{"line":49,"column":5}},"51":{"start":{"line":52,"column":0},"end":{"line":52,"column":47}},"52":{"start":{"line":53,"column":0},"end":{"line":53,"column":26}},"53":{"start":{"line":54,"column":0},"end":{"line":54,"column":32}},"55":{"start":{"line":56,"column":0},"end":{"line":56,"column":33}},"56":{"start":{"line":57,"column":0},"end":{"line":57,"column":40}},"57":{"start":{"line":58,"column":0},"end":{"line":58,"column":7}},"58":{"start":{"line":59,"column":0},"end":{"line":59,"column":13}},"59":{"start":{"line":60,"column":0},"end":{"line":60,"column":5}},"62":{"start":{"line":63,"column":0},"end":{"line":63,"column":26}},"63":{"start":{"line":64,"column":0},"end":{"line":64,"column":36}},"64":{"start":{"line":65,"column":0},"end":{"line":65,"column":30}},"65":{"start":{"line":66,"column":0},"end":{"line":66,"column":45}},"66":{"start":{"line":67,"column":0},"end":{"line":67,"column":6}},"67":{"start":{"line":68,"column":0},"end":{"line":68,"column":31}},"68":{"start":{"line":69,"column":0},"end":{"line":69,"column":4}},"70":{"start":{"line":71,"column":0},"end":{"line":71,"column":30}},"71":{"start":{"line":72,"column":0},"end":{"line":72,"column":23}},"72":{"start":{"line":73,"column":0},"end":{"line":73,"column":34}},"73":{"start":{"line":74,"column":0},"end":{"line":74,"column":5}},"74":{"start":{"line":75,"column":0},"end":{"line":75,"column":4}},"76":{"start":{"line":77,"column":0},"end":{"line":77,"column":29}},"77":{"start":{"line":78,"column":0},"end":{"line":78,"column":19}},"78":{"start":{"line":79,"column":0},"end":{"line":79,"column":24}},"79":{"start":{"line":80,"column":0},"end":{"line":80,"column":26}},"80":{"start":{"line":81,"column":0},"end":{"line":81,"column":31}},"81":{"start":{"line":82,"column":0},"end":{"line":82,"column":38}},"82":{"start":{"line":83,"column":0},"end":{"line":83,"column":5}},"83":{"start":{"line":84,"column":0},"end":{"line":84,"column":4}},"85":{"start":{"line":86,"column":0},"end":{"line":86,"column":10}},"86":{"start":{"line":87,"column":0},"end":{"line":87,"column":44}},"87":{"start":{"line":88,"column":0},"end":{"line":88,"column":35}},"88":{"start":{"line":89,"column":0},"end":{"line":89,"column":53}},"89":{"start":{"line":90,"column":0},"end":{"line":90,"column":21}},"90":{"start":{"line":91,"column":0},"end":{"line":91,"column":28}},"91":{"start":{"line":92,"column":0},"end":{"line":92,"column":21}},"92":{"start":{"line":93,"column":0},"end":{"line":93,"column":72}},"93":{"start":{"line":94,"column":0},"end":{"line":94,"column":37}},"94":{"start":{"line":95,"column":0},"end":{"line":95,"column":29}},"95":{"start":{"line":96,"column":0},"end":{"line":96,"column":10}},"96":{"start":{"line":97,"column":0},"end":{"line":97,"column":42}},"98":{"start":{"line":99,"column":0},"end":{"line":99,"column":20}},"99":{"start":{"line":100,"column":0},"end":{"line":100,"column":19}},"101":{"start":{"line":102,"column":0},"end":{"line":102,"column":17}},"102":{"start":{"line":103,"column":0},"end":{"line":103,"column":75}},"103":{"start":{"line":104,"column":0},"end":{"line":104,"column":41}},"104":{"start":{"line":105,"column":0},"end":{"line":105,"column":16}},"107":{"start":{"line":108,"column":0},"end":{"line":108,"column":22}},"108":{"start":{"line":109,"column":0},"end":{"line":109,"column":48}},"109":{"start":{"line":110,"column":0},"end":{"line":110,"column":32}},"110":{"start":{"line":111,"column":0},"end":{"line":111,"column":14}},"111":{"start":{"line":112,"column":0},"end":{"line":112,"column":28}},"112":{"start":{"line":113,"column":0},"end":{"line":113,"column":25}},"113":{"start":{"line":114,"column":0},"end":{"line":114,"column":20}},"114":{"start":{"line":115,"column":0},"end":{"line":115,"column":31}},"115":{"start":{"line":116,"column":0},"end":{"line":116,"column":33}},"116":{"start":{"line":117,"column":0},"end":{"line":117,"column":42}},"117":{"start":{"line":118,"column":0},"end":{"line":118,"column":34}},"118":{"start":{"line":119,"column":0},"end":{"line":119,"column":14}},"119":{"start":{"line":120,"column":0},"end":{"line":120,"column":12}},"120":{"start":{"line":121,"column":0},"end":{"line":121,"column":32}},"121":{"start":{"line":122,"column":0},"end":{"line":122,"column":19}},"122":{"start":{"line":123,"column":0},"end":{"line":123,"column":31}},"123":{"start":{"line":124,"column":0},"end":{"line":124,"column":36}},"124":{"start":{"line":125,"column":0},"end":{"line":125,"column":50}},"125":{"start":{"line":126,"column":0},"end":{"line":126,"column":30}},"127":{"start":{"line":128,"column":0},"end":{"line":128,"column":60}},"128":{"start":{"line":129,"column":0},"end":{"line":129,"column":21}},"129":{"start":{"line":130,"column":0},"end":{"line":130,"column":19}},"130":{"start":{"line":131,"column":0},"end":{"line":131,"column":33}},"131":{"start":{"line":132,"column":0},"end":{"line":132,"column":35}},"132":{"start":{"line":133,"column":0},"end":{"line":133,"column":33}},"133":{"start":{"line":134,"column":0},"end":{"line":134,"column":13}},"135":{"start":{"line":136,"column":0},"end":{"line":136,"column":21}},"136":{"start":{"line":137,"column":0},"end":{"line":137,"column":16}},"137":{"start":{"line":138,"column":0},"end":{"line":138,"column":14}},"139":{"start":{"line":140,"column":0},"end":{"line":140,"column":10}},"141":{"start":{"line":142,"column":0},"end":{"line":142,"column":2}},"143":{"start":{"line":144,"column":0},"end":{"line":144,"column":27}}},"s":{"0":1,"1":1,"8":1,"9":18,"10":18,"11":18,"12":18,"13":18,"14":18,"15":18,"18":18,"19":18,"21":18,"23":6,"24":2,"25":2,"28":6,"29":1,"30":1,"31":1,"32":1,"33":1,"35":3,"36":6,"38":18,"39":6,"42":6,"43":6,"44":6,"46":6,"47":0,"48":0,"51":6,"52":6,"53":3,"55":3,"56":3,"57":3,"58":3,"59":3,"62":3,"63":3,"64":3,"65":3,"66":3,"67":3,"68":6,"70":18,"71":1,"72":1,"73":1,"74":1,"76":18,"77":1,"78":1,"79":1,"80":1,"81":1,"82":1,"83":1,"85":18,"86":18,"87":18,"88":18,"89":18,"90":18,"91":18,"92":18,"93":18,"94":18,"95":18,"96":18,"98":18,"99":18,"101":18,"102":3,"103":3,"104":3,"107":18,"108":2,"109":2,"110":2,"111":2,"112":2,"113":2,"114":2,"115":2,"116":2,"117":2,"118":2,"119":2,"120":2,"121":2,"122":2,"123":2,"124":2,"125":2,"127":2,"128":2,"129":2,"130":2,"131":2,"132":2,"133":2,"135":2,"136":2,"137":2,"139":18,"141":18,"143":1},"branchMap":{"0":{"type":"branch","line":9,"loc":{"start":{"line":9,"column":48},"end":{"line":142,"column":2}},"locations":[{"start":{"line":9,"column":48},"end":{"line":142,"column":2}}]},"1":{"type":"branch","line":102,"loc":{"start":{"line":102,"column":7},"end":{"line":105,"column":16}},"locations":[{"start":{"line":102,"column":7},"end":{"line":105,"column":16}}]},"2":{"type":"branch","line":108,"loc":{"start":{"line":108,"column":7},"end":{"line":138,"column":14}},"locations":[{"start":{"line":108,"column":7},"end":{"line":138,"column":14}}]},"3":{"type":"branch","line":128,"loc":{"start":{"line":128,"column":15},"end":{"line":128,"column":44}},"locations":[{"start":{"line":128,"column":15},"end":{"line":128,"column":44}}]},"4":{"type":"branch","line":22,"loc":{"start":{"line":22,"column":23},"end":{"line":37,"column":4}},"locations":[{"start":{"line":22,"column":23},"end":{"line":37,"column":4}}]},"5":{"type":"branch","line":24,"loc":{"start":{"line":24,"column":44},"end":{"line":26,"column":5}},"locations":[{"start":{"line":24,"column":44},"end":{"line":26,"column":5}}]},"6":{"type":"branch","line":26,"loc":{"start":{"line":26,"column":4},"end":{"line":29,"column":35}},"locations":[{"start":{"line":26,"column":4},"end":{"line":29,"column":35}}]},"7":{"type":"branch","line":29,"loc":{"start":{"line":29,"column":35},"end":{"line":34,"column":5}},"locations":[{"start":{"line":29,"column":35},"end":{"line":34,"column":5}}]},"8":{"type":"branch","line":34,"loc":{"start":{"line":34,"column":4},"end":{"line":36,"column":16}},"locations":[{"start":{"line":34,"column":4},"end":{"line":36,"column":16}}]},"9":{"type":"branch","line":39,"loc":{"start":{"line":39,"column":27},"end":{"line":69,"column":4}},"locations":[{"start":{"line":39,"column":27},"end":{"line":69,"column":4}}]},"10":{"type":"branch","line":47,"loc":{"start":{"line":47,"column":15},"end":{"line":49,"column":5}},"locations":[{"start":{"line":47,"column":15},"end":{"line":49,"column":5}}]},"11":{"type":"branch","line":53,"loc":{"start":{"line":53,"column":25},"end":{"line":68,"column":31}},"locations":[{"start":{"line":53,"column":25},"end":{"line":68,"column":31}}]},"12":{"type":"branch","line":65,"loc":{"start":{"line":65,"column":23},"end":{"line":67,"column":6}},"locations":[{"start":{"line":65,"column":23},"end":{"line":67,"column":6}}]},"13":{"type":"branch","line":71,"loc":{"start":{"line":71,"column":23},"end":{"line":75,"column":4}},"locations":[{"start":{"line":71,"column":23},"end":{"line":75,"column":4}}]},"14":{"type":"branch","line":77,"loc":{"start":{"line":77,"column":22},"end":{"line":84,"column":4}},"locations":[{"start":{"line":77,"column":22},"end":{"line":84,"column":4}}]},"15":{"type":"branch","line":103,"loc":{"start":{"line":103,"column":53},"end":{"line":103,"column":75}},"locations":[{"start":{"line":103,"column":53},"end":{"line":103,"column":75}}]}},"b":{"0":[18],"1":[3],"2":[2],"3":[0],"4":[6],"5":[2],"6":[4],"7":[1],"8":[3],"9":[6],"10":[0],"11":[3],"12":[3],"13":[1],"14":[1],"15":[1]},"fnMap":{"0":{"name":"ImageUpload","decl":{"start":{"line":9,"column":48},"end":{"line":142,"column":2}},"loc":{"start":{"line":9,"column":48},"end":{"line":142,"column":2}},"line":9},"1":{"name":"validateFile","decl":{"start":{"line":22,"column":23},"end":{"line":37,"column":4}},"loc":{"start":{"line":22,"column":23},"end":{"line":37,"column":4}},"line":22},"2":{"name":"handleFileChange","decl":{"start":{"line":39,"column":27},"end":{"line":69,"column":4}},"loc":{"start":{"line":39,"column":27},"end":{"line":69,"column":4}},"line":39},"3":{"name":"reader.onloadend","decl":{"start":{"line":65,"column":23},"end":{"line":67,"column":6}},"loc":{"start":{"line":65,"column":23},"end":{"line":67,"column":6}},"line":65},"4":{"name":"handleUpload","decl":{"start":{"line":71,"column":23},"end":{"line":75,"column":4}},"loc":{"start":{"line":71,"column":23},"end":{"line":75,"column":4}},"line":71},"5":{"name":"handleClear","decl":{"start":{"line":77,"column":22},"end":{"line":84,"column":4}},"loc":{"start":{"line":77,"column":22},"end":{"line":84,"column":4}},"line":77},"6":{"name":"onClose","decl":{"start":{"line":103,"column":53},"end":{"line":103,"column":75}},"loc":{"start":{"line":103,"column":53},"end":{"line":103,"column":75}},"line":103}},"f":{"0":18,"1":6,"2":6,"3":3,"4":1,"5":1,"6":1}}
,"/Users/pangjii/Documents/project_github/car-damage-detector/frontend/src/components/JsonViewer.tsx": {"path":"/Users/pangjii/Documents/project_github/car-damage-detector/frontend/src/components/JsonViewer.tsx","all":true,"statementMap":{"0":{"start":{"line":1,"column":0},"end":{"line":1,"column":26}},"12":{"start":{"line":13,"column":0},"end":{"line":13,"column":78}},"13":{"start":{"line":14,"column":0},"end":{"line":14,"column":14}},"14":{"start":{"line":15,"column":0},"end":{"line":15,"column":16}},"15":{"start":{"line":16,"column":0},"end":{"line":16,"column":3}},"18":{"start":{"line":19,"column":0},"end":{"line":19,"column":54}},"20":{"start":{"line":21,"column":0},"end":{"line":21,"column":10}},"21":{"start":{"line":22,"column":0},"end":{"line":22,"column":43}},"22":{"start":{"line":23,"column":0},"end":{"line":23,"column":27}},"23":{"start":{"line":24,"column":0},"end":{"line":24,"column":10}},"24":{"start":{"line":25,"column":0},"end":{"line":25,"column":71}},"25":{"start":{"line":26,"column":0},"end":{"line":26,"column":16}},"26":{"start":{"line":27,"column":0},"end":{"line":27,"column":59}},"27":{"start":{"line":28,"column":0},"end":{"line":28,"column":65}},"28":{"start":{"line":29,"column":0},"end":{"line":29,"column":30}},"29":{"start":{"line":30,"column":0},"end":{"line":30,"column":26}},"30":{"start":{"line":31,"column":0},"end":{"line":31,"column":29}},"31":{"start":{"line":32,"column":0},"end":{"line":32,"column":27}},"32":{"start":{"line":33,"column":0},"end":{"line":33,"column":10}},"34":{"start":{"line":35,"column":0},"end":{"line":35,"column":12}},"35":{"start":{"line":36,"column":0},"end":{"line":36,"column":18}},"36":{"start":{"line":37,"column":0},"end":{"line":37,"column":22}},"37":{"start":{"line":38,"column":0},"end":{"line":38,"column":60}},"38":{"start":{"line":39,"column":0},"end":{"line":39,"column":29}},"39":{"start":{"line":40,"column":0},"end":{"line":40,"column":30}},"40":{"start":{"line":41,"column":0},"end":{"line":41,"column":51}},"41":{"start":{"line":42,"column":0},"end":{"line":42,"column":35}},"42":{"start":{"line":43,"column":0},"end":{"line":43,"column":36}},"43":{"start":{"line":44,"column":0},"end":{"line":44,"column":12}},"45":{"start":{"line":46,"column":0},"end":{"line":46,"column":38}},"46":{"start":{"line":47,"column":0},"end":{"line":47,"column":14}},"47":{"start":{"line":48,"column":0},"end":{"line":48,"column":12}},"48":{"start":{"line":49,"column":0},"end":{"line":49,"column":10}},"50":{"start":{"line":51,"column":0},"end":{"line":51,"column":2}},"52":{"start":{"line":53,"column":0},"end":{"line":53,"column":26}}},"s":{"0":0,"12":0,"13":0,"14":0,"15":0,"18":0,"20":0,"21":0,"22":0,"23":0,"24":0,"25":0,"26":0,"27":0,"28":0,"29":0,"30":0,"31":0,"32":0,"34":0,"35":0,"36":0,"37":0,"38":0,"39":0,"40":0,"41":0,"42":0,"43":0,"45":0,"46":0,"47":0,"48":0,"50":0,"52":0},"branchMap":{"0":{"type":"branch","line":1,"loc":{"start":{"line":1,"column":1457},"end":{"line":53,"column":26}},"locations":[{"start":{"line":1,"column":1457},"end":{"line":53,"column":26}}]}},"b":{"0":[0]},"fnMap":{"0":{"name":"(empty-report)","decl":{"start":{"line":1,"column":1457},"end":{"line":53,"column":26}},"loc":{"start":{"line":1,"column":1457},"end":{"line":53,"column":26}},"line":1}},"f":{"0":0}}
,"/Users/pangjii/Documents/project_github/car-damage-detector/frontend/src/components/LoadingIndicator.tsx": {"path":"/Users/pangjii/Documents/project_github/car-damage-detector/frontend/src/components/LoadingIndicator.tsx","all":true,"statementMap":{"0":{"start":{"line":1,"column":0},"end":{"line":1,"column":26}},"1":{"start":{"line":2,"column":0},"end":{"line":2,"column":42}},"7":{"start":{"line":8,"column":0},"end":{"line":8,"column":78}},"8":{"start":{"line":9,"column":0},"end":{"line":9,"column":19}},"9":{"start":{"line":10,"column":0},"end":{"line":10,"column":16}},"10":{"start":{"line":11,"column":0},"end":{"line":11,"column":3}},"12":{"start":{"line":13,"column":0},"end":{"line":13,"column":10}},"13":{"start":{"line":14,"column":0},"end":{"line":14,"column":56}},"14":{"start":{"line":15,"column":0},"end":{"line":15,"column":66}},"15":{"start":{"line":16,"column":0},"end":{"line":16,"column":59}},"16":{"start":{"line":17,"column":0},"end":{"line":17,"column":16}},"17":{"start":{"line":18,"column":0},"end":{"line":18,"column":59}},"18":{"start":{"line":19,"column":0},"end":{"line":19,"column":10}},"20":{"start":{"line":21,"column":0},"end":{"line":21,"column":2}},"22":{"start":{"line":23,"column":0},"end":{"line":23,"column":32}}},"s":{"0":0,"1":0,"7":0,"8":0,"9":0,"10":0,"12":0,"13":0,"14":0,"15":0,"16":0,"17":0,"18":0,"20":0,"22":0},"branchMap":{"0":{"type":"branch","line":1,"loc":{"start":{"line":1,"column":575},"end":{"line":23,"column":32}},"locations":[{"start":{"line":1,"column":575},"end":{"line":23,"column":32}}]}},"b":{"0":[0]},"fnMap":{"0":{"name":"(empty-report)","decl":{"start":{"line":1,"column":575},"end":{"line":23,"column":32}},"loc":{"start":{"line":1,"column":575},"end":{"line":23,"column":32}},"line":1}},"f":{"0":0}}
,"/Users/pangjii/Documents/project_github/car-damage-detector/frontend/src/components/ResultsDisplay.tsx": {"path":"/Users/pangjii/Documents/project_github/car-damage-detector/frontend/src/components/ResultsDisplay.tsx","all":false,"statementMap":{"0":{"start":{"line":1,"column":0},"end":{"line":1,"column":49}},"9":{"start":{"line":10,"column":0},"end":{"line":10,"column":47}},"10":{"start":{"line":11,"column":0},"end":{"line":11,"column":21}},"11":{"start":{"line":12,"column":0},"end":{"line":12,"column":18}},"12":{"start":{"line":13,"column":0},"end":{"line":13,"column":19}},"13":{"start":{"line":14,"column":0},"end":{"line":14,"column":27}},"14":{"start":{"line":15,"column":0},"end":{"line":15,"column":21}},"15":{"start":{"line":16,"column":0},"end":{"line":16,"column":2}},"17":{"start":{"line":18,"column":0},"end":{"line":18,"column":56}},"18":{"start":{"line":19,"column":0},"end":{"line":19,"column":11}},"19":{"start":{"line":20,"column":0},"end":{"line":20,"column":13}},"20":{"start":{"line":21,"column":0},"end":{"line":21,"column":7}},"21":{"start":{"line":22,"column":0},"end":{"line":22,"column":52}},"22":{"start":{"line":23,"column":0},"end":{"line":23,"column":57}},"24":{"start":{"line":25,"column":0},"end":{"line":25,"column":19}},"25":{"start":{"line":26,"column":0},"end":{"line":26,"column":37}},"26":{"start":{"line":27,"column":0},"end":{"line":27,"column":24}},"28":{"start":{"line":29,"column":0},"end":{"line":29,"column":40}},"29":{"start":{"line":30,"column":0},"end":{"line":30,"column":21}},"32":{"start":{"line":33,"column":0},"end":{"line":33,"column":28}},"33":{"start":{"line":34,"column":0},"end":{"line":34,"column":24}},"34":{"start":{"line":35,"column":0},"end":{"line":35,"column":29}},"37":{"start":{"line":38,"column":0},"end":{"line":38,"column":31}},"38":{"start":{"line":39,"column":0},"end":{"line":39,"column":33}},"41":{"start":{"line":42,"column":0},"end":{"line":42,"column":31}},"44":{"start":{"line":45,"column":0},"end":{"line":45,"column":41}},"45":{"start":{"line":46,"column":0},"end":{"line":46,"column":38}},"46":{"start":{"line":47,"column":0},"end":{"line":47,"column":9}},"47":{"start":{"line":48,"column":0},"end":{"line":48,"column":6}},"49":{"start":{"line":50,"column":0},"end":{"line":50,"column":23}},"50":{"start":{"line":51,"column":0},"end":{"line":51,"column":29}},"52":{"start":{"line":53,"column":0},"end":{"line":53,"column":25}},"53":{"start":{"line":54,"column":0},"end":{"line":54,"column":34}},"54":{"start":{"line":55,"column":0},"end":{"line":55,"column":24}},"55":{"start":{"line":56,"column":0},"end":{"line":56,"column":8}},"56":{"start":{"line":57,"column":0},"end":{"line":57,"column":52}},"59":{"start":{"line":60,"column":0},"end":{"line":60,"column":17}},"60":{"start":{"line":61,"column":0},"end":{"line":61,"column":76}},"63":{"start":{"line":64,"column":0},"end":{"line":64,"column":28}},"64":{"start":{"line":65,"column":0},"end":{"line":65,"column":22}},"65":{"start":{"line":66,"column":0},"end":{"line":66,"column":45}},"68":{"start":{"line":69,"column":0},"end":{"line":69,"column":76}},"69":{"start":{"line":70,"column":0},"end":{"line":70,"column":67}},"72":{"start":{"line":73,"column":0},"end":{"line":73,"column":28}},"73":{"start":{"line":74,"column":0},"end":{"line":74,"column":26}},"76":{"start":{"line":77,"column":0},"end":{"line":77,"column":51}},"77":{"start":{"line":78,"column":0},"end":{"line":78,"column":40}},"78":{"start":{"line":79,"column":0},"end":{"line":79,"column":26}},"79":{"start":{"line":80,"column":0},"end":{"line":80,"column":22}},"82":{"start":{"line":83,"column":0},"end":{"line":83,"column":20}},"83":{"start":{"line":84,"column":0},"end":{"line":84,"column":43}},"85":{"start":{"line":86,"column":0},"end":{"line":86,"column":21}},"86":{"start":{"line":87,"column":0},"end":{"line":87,"column":41}},"87":{"start":{"line":88,"column":0},"end":{"line":88,"column":5}},"90":{"start":{"line":91,"column":0},"end":{"line":91,"column":41}},"91":{"start":{"line":92,"column":0},"end":{"line":92,"column":17}},"92":{"start":{"line":93,"column":0},"end":{"line":93,"column":13}},"93":{"start":{"line":94,"column":0},"end":{"line":94,"column":26}},"94":{"start":{"line":95,"column":0},"end":{"line":95,"column":30}},"95":{"start":{"line":96,"column":0},"end":{"line":96,"column":26}},"96":{"start":{"line":97,"column":0},"end":{"line":97,"column":6}},"99":{"start":{"line":100,"column":0},"end":{"line":100,"column":26}},"100":{"start":{"line":101,"column":0},"end":{"line":101,"column":64}},"101":{"start":{"line":102,"column":0},"end":{"line":102,"column":4}},"103":{"start":{"line":104,"column":0},"end":{"line":104,"column":10}},"104":{"start":{"line":105,"column":0},"end":{"line":105,"column":47}},"105":{"start":{"line":106,"column":0},"end":{"line":106,"column":32}},"106":{"start":{"line":107,"column":0},"end":{"line":107,"column":10}},"107":{"start":{"line":108,"column":0},"end":{"line":108,"column":16}},"108":{"start":{"line":109,"column":0},"end":{"line":109,"column":27}},"109":{"start":{"line":110,"column":0},"end":{"line":110,"column":27}},"110":{"start":{"line":111,"column":0},"end":{"line":111,"column":38}},"111":{"start":{"line":112,"column":0},"end":{"line":112,"column":30}},"112":{"start":{"line":113,"column":0},"end":{"line":113,"column":10}},"114":{"start":{"line":115,"column":0},"end":{"line":115,"column":15}},"115":{"start":{"line":116,"column":0},"end":{"line":116,"column":25}},"116":{"start":{"line":117,"column":0},"end":{"line":117,"column":18}},"117":{"start":{"line":118,"column":0},"end":{"line":118,"column":29}},"118":{"start":{"line":119,"column":0},"end":{"line":119,"column":27}},"119":{"start":{"line":120,"column":0},"end":{"line":120,"column":29}},"120":{"start":{"line":121,"column":0},"end":{"line":121,"column":12}},"121":{"start":{"line":122,"column":0},"end":{"line":122,"column":10}},"122":{"start":{"line":123,"column":0},"end":{"line":123,"column":12}},"123":{"start":{"line":124,"column":0},"end":{"line":124,"column":28}},"124":{"start":{"line":125,"column":0},"end":{"line":125,"column":34}},"125":{"start":{"line":126,"column":0},"end":{"line":126,"column":78}},"126":{"start":{"line":127,"column":0},"end":{"line":127,"column":12}},"127":{"start":{"line":128,"column":0},"end":{"line":128,"column":12}},"128":{"start":{"line":129,"column":0},"end":{"line":129,"column":10}},"130":{"start":{"line":131,"column":0},"end":{"line":131,"column":2}},"132":{"start":{"line":133,"column":0},"end":{"line":133,"column":30}}},"s":{"0":1,"9":1,"10":1,"11":1,"12":1,"13":1,"14":1,"15":1,"17":1,"18":6,"19":6,"20":6,"21":6,"22":6,"24":6,"25":6,"26":6,"28":6,"29":6,"32":6,"33":6,"34":0,"37":0,"38":0,"41":0,"44":0,"45":0,"46":0,"47":0,"49":6,"50":6,"52":6,"53":0,"54":0,"55":0,"56":0,"59":0,"60":0,"63":0,"64":0,"65":0,"68":0,"69":0,"72":0,"73":0,"76":0,"77":0,"78":0,"79":0,"82":0,"83":0,"85":0,"86":0,"87":0,"90":0,"91":0,"92":0,"93":0,"94":0,"95":0,"96":0,"99":0,"100":0,"101":0,"103":6,"104":6,"105":6,"106":6,"107":6,"108":6,"109":6,"110":6,"111":6,"112":6,"114":6,"115":6,"116":6,"117":6,"118":6,"119":6,"120":6,"121":6,"122":6,"123":6,"124":6,"125":6,"126":6,"127":6,"128":6,"130":6,"132":1},"branchMap":{"0":{"type":"branch","line":18,"loc":{"start":{"line":18,"column":54},"end":{"line":131,"column":2}},"locations":[{"start":{"line":18,"column":54},"end":{"line":131,"column":2}}]},"1":{"type":"branch","line":126,"loc":{"start":{"line":126,"column":65},"end":{"line":126,"column":75}},"locations":[{"start":{"line":126,"column":65},"end":{"line":126,"column":75}}]},"2":{"type":"branch","line":126,"loc":{"start":{"line":126,"column":69},"end":{"line":126,"column":78}},"locations":[{"start":{"line":126,"column":69},"end":{"line":126,"column":78}}]},"3":{"type":"branch","line":25,"loc":{"start":{"line":25,"column":12},"end":{"line":51,"column":5}},"locations":[{"start":{"line":25,"column":12},"end":{"line":51,"column":5}}]},"4":{"type":"branch","line":27,"loc":{"start":{"line":27,"column":17},"end":{"line":27,"column":24}},"locations":[{"start":{"line":27,"column":17},"end":{"line":27,"column":24}}]},"5":{"type":"branch","line":30,"loc":{"start":{"line":30,"column":14},"end":{"line":30,"column":21}},"locations":[{"start":{"line":30,"column":14},"end":{"line":30,"column":21}}]}},"b":{"0":[6],"1":[5],"2":[1],"3":[6],"4":[0],"5":[0]},"fnMap":{"0":{"name":"ResultsDisplay","decl":{"start":{"line":18,"column":54},"end":{"line":131,"column":2}},"loc":{"start":{"line":18,"column":54},"end":{"line":131,"column":2}},"line":18},"1":{"name":"img.onload","decl":{"start":{"line":34,"column":17},"end":{"line":48,"column":6}},"loc":{"start":{"line":34,"column":17},"end":{"line":48,"column":6}},"line":34},"2":{"name":"drawDetection","decl":{"start":{"line":53,"column":24},"end":{"line":102,"column":4}},"loc":{"start":{"line":53,"column":24},"end":{"line":102,"column":4}},"line":53}},"f":{"0":6,"1":0,"2":0}}
,"/Users/pangjii/Documents/project_github/car-damage-detector/frontend/src/services/api.ts": {"path":"/Users/pangjii/Documents/project_github/car-damage-detector/frontend/src/services/api.ts","all":false,"statementMap":{"5":{"start":{"line":6,"column":0},"end":{"line":6,"column":33}},"6":{"start":{"line":7,"column":0},"end":{"line":7,"column":26}},"12":{"start":{"line":13,"column":0},"end":{"line":13,"column":33}},"14":{"start":{"line":15,"column":0},"end":{"line":15,"column":18}},"15":{"start":{"line":16,"column":0},"end":{"line":16,"column":78}},"16":{"start":{"line":17,"column":0},"end":{"line":17,"column":3}},"24":{"start":{"line":25,"column":0},"end":{"line":25,"column":67}},"25":{"start":{"line":26,"column":0},"end":{"line":26,"column":9}},"27":{"start":{"line":28,"column":0},"end":{"line":28,"column":38}},"28":{"start":{"line":29,"column":0},"end":{"line":29,"column":41}},"31":{"start":{"line":32,"column":0},"end":{"line":32,"column":62}},"32":{"start":{"line":33,"column":0},"end":{"line":33,"column":23}},"33":{"start":{"line":34,"column":0},"end":{"line":34,"column":23}},"34":{"start":{"line":35,"column":0},"end":{"line":35,"column":9}},"37":{"start":{"line":38,"column":0},"end":{"line":38,"column":25}},"38":{"start":{"line":39,"column":0},"end":{"line":39,"column":82}},"40":{"start":{"line":41,"column":0},"end":{"line":41,"column":13}},"42":{"start":{"line":43,"column":0},"end":{"line":43,"column":65}},"43":{"start":{"line":44,"column":0},"end":{"line":44,"column":77}},"44":{"start":{"line":45,"column":0},"end":{"line":45,"column":17}},"46":{"start":{"line":47,"column":0},"end":{"line":47,"column":9}},"48":{"start":{"line":49,"column":0},"end":{"line":49,"column":38}},"49":{"start":{"line":50,"column":0},"end":{"line":50,"column":7}},"52":{"start":{"line":53,"column":0},"end":{"line":53,"column":60}},"53":{"start":{"line":54,"column":0},"end":{"line":54,"column":18}},"54":{"start":{"line":55,"column":0},"end":{"line":55,"column":21}},"56":{"start":{"line":57,"column":0},"end":{"line":57,"column":35}},"57":{"start":{"line":58,"column":0},"end":{"line":58,"column":20}},"58":{"start":{"line":59,"column":0},"end":{"line":59,"column":7}},"59":{"start":{"line":60,"column":0},"end":{"line":60,"column":77}},"60":{"start":{"line":61,"column":0},"end":{"line":61,"column":5}},"61":{"start":{"line":62,"column":0},"end":{"line":62,"column":3}},"62":{"start":{"line":63,"column":0},"end":{"line":63,"column":1}},"65":{"start":{"line":66,"column":0},"end":{"line":66,"column":59}}},"s":{"5":1,"6":13,"12":13,"14":13,"15":13,"16":13,"24":13,"25":8,"27":8,"28":8,"31":8,"32":8,"33":8,"34":8,"37":8,"38":4,"40":4,"42":4,"43":4,"44":4,"46":1,"48":4,"49":4,"52":3,"53":3,"54":8,"56":5,"57":5,"58":5,"59":0,"60":0,"61":8,"62":13,"65":1},"branchMap":{"0":{"type":"branch","line":6,"loc":{"start":{"line":6,"column":32},"end":{"line":63,"column":1}},"locations":[{"start":{"line":6,"column":32},"end":{"line":63,"column":1}}]},"1":{"type":"branch","line":13,"loc":{"start":{"line":13,"column":2},"end":{"line":17,"column":3}},"locations":[{"start":{"line":13,"column":2},"end":{"line":17,"column":3}}]},"2":{"type":"branch","line":16,"loc":{"start":{"line":16,"column":6},"end":{"line":16,"column":54}},"locations":[{"start":{"line":16,"column":6},"end":{"line":16,"column":54}}]},"3":{"type":"branch","line":16,"loc":{"start":{"line":16,"column":33},"end":{"line":16,"column":78}},"locations":[{"start":{"line":16,"column":33},"end":{"line":16,"column":78}}]},"4":{"type":"branch","line":25,"loc":{"start":{"line":25,"column":2},"end":{"line":62,"column":3}},"locations":[{"start":{"line":25,"column":2},"end":{"line":62,"column":3}}]},"5":{"type":"branch","line":35,"loc":{"start":{"line":35,"column":7},"end":{"line":38,"column":24}},"locations":[{"start":{"line":35,"column":7},"end":{"line":38,"column":24}}]},"6":{"type":"branch","line":38,"loc":{"start":{"line":38,"column":24},"end":{"line":50,"column":7}},"locations":[{"start":{"line":38,"column":24},"end":{"line":50,"column":7}}]},"7":{"type":"branch","line":43,"loc":{"start":{"line":43,"column":63},"end":{"line":44,"column":45}},"locations":[{"start":{"line":43,"column":63},"end":{"line":44,"column":45}}]},"8":{"type":"branch","line":44,"loc":{"start":{"line":44,"column":35},"end":{"line":44,"column":64}},"locations":[{"start":{"line":44,"column":35},"end":{"line":44,"column":64}}]},"9":{"type":"branch","line":44,"loc":{"start":{"line":44,"column":55},"end":{"line":44,"column":77}},"locations":[{"start":{"line":44,"column":55},"end":{"line":44,"column":77}}]},"10":{"type":"branch","line":45,"loc":{"start":{"line":45,"column":8},"end":{"line":47,"column":9}},"locations":[{"start":{"line":45,"column":8},"end":{"line":47,"column":9}}]},"11":{"type":"branch","line":50,"loc":{"start":{"line":50,"column":6},"end":{"line":55,"column":13}},"locations":[{"start":{"line":50,"column":6},"end":{"line":55,"column":13}}]},"12":{"type":"branch","line":55,"loc":{"start":{"line":55,"column":4},"end":{"line":61,"column":5}},"locations":[{"start":{"line":55,"column":4},"end":{"line":61,"column":5}}]},"13":{"type":"branch","line":59,"loc":{"start":{"line":59,"column":6},"end":{"line":61,"column":5}},"locations":[{"start":{"line":59,"column":6},"end":{"line":61,"column":5}}]}},"b":{"0":[13],"1":[13],"2":[2],"3":[2],"4":[8],"5":[7],"6":[4],"7":[3],"8":[1],"9":[0],"10":[1],"11":[3],"12":[5],"13":[0]},"fnMap":{"0":{"name":"<instance_members_initializer>","decl":{"start":{"line":6,"column":32},"end":{"line":63,"column":1}},"loc":{"start":{"line":6,"column":32},"end":{"line":63,"column":1}},"line":6},"1":{"name":"DamageDetectionAPI","decl":{"start":{"line":13,"column":2},"end":{"line":17,"column":3}},"loc":{"start":{"line":13,"column":2},"end":{"line":17,"column":3}},"line":13},"2":{"name":"detectDamage","decl":{"start":{"line":25,"column":2},"end":{"line":62,"column":3}},"loc":{"start":{"line":25,"column":2},"end":{"line":62,"column":3}},"line":25}},"f":{"0":13,"1":13,"2":8}}
}
